<?xml version="1.0" encoding="UTF-8"?>
<!-- Generated by org.testng.reporters.JUnitReportReporter -->
<testsuite hostname="LAPTOP-5K04VMGQ" failures="0" tests="13" name="com.mindtree.runner.BigSmall" time="139.997" errors="1" timestamp="2021-11-21T20:02:27 IST" skipped="0">
  <testcase classname="com.mindtree.runner.BigSmall" name="runScenario" time="18.203"/>
  <system-out/>
  <testcase classname="com.mindtree.runner.BigSmall" name="runScenario" time="11.530"/>
  <system-out/>
  <testcase classname="com.mindtree.runner.BigSmall" name="runScenario" time="9.022"/>
  <system-out/>
  <testcase classname="com.mindtree.runner.BigSmall" name="runScenario" time="8.198"/>
  <system-out/>
  <testcase classname="com.mindtree.runner.BigSmall" name="runScenario" time="17.383"/>
  <system-out/>
  <testcase classname="com.mindtree.runner.BigSmall" name="runScenario" time="14.504">
    <error message="element not interactable
  (Session info: MicrosoftEdge=96.0.1054.29)
Build info: version: &#039;3.141.5&#039;, revision: &#039;d54ebd709a&#039;, time: &#039;2018-11-06T11:42:16&#039;
System info: host: &#039;LAPTOP-5K04VMGQ&#039;, ip: &#039;192.168.10.39&#039;, os.name: &#039;Windows 10&#039;, os.arch: &#039;amd64&#039;, os.version: &#039;10.0&#039;, java.version: &#039;16.0.2&#039;
Driver info: org.openqa.selenium.edge.EdgeDriver
Capabilities {acceptInsecureCerts: false, browserName: msedge, browserVersion: 96.0.1054.29, javascriptEnabled: true, ms:edgeOptions: {debuggerAddress: localhost:56004}, msedge: {msedgedriverVersion: 95.0.1020.44 (745fe8ef5b67d..., userDataDir: C:\Users\MB7E4~1.BHA\AppDat...}, networkConnectionEnabled: false, pageLoadStrategy: normal, platform: WINDOWS, platformName: WINDOWS, proxy: Proxy(), setWindowRect: true, strictFileInteractability: false, timeouts: {implicit: 0, pageLoad: 300000, script: 30000}, unhandledPromptBehavior: dismiss and notify, webauthn:extension:credBlob: true, webauthn:extension:largeBlob: true, webauthn:virtualAuthenticators: true}
Session ID: 6255953edecd993568f13ebfe432042d" type="org.openqa.selenium.ElementNotInteractableException">
      <![CDATA[org.openqa.selenium.ElementNotInteractableException: element not interactable
  (Session info: MicrosoftEdge=96.0.1054.29)
Build info: version: '3.141.5', revision: 'd54ebd709a', time: '2018-11-06T11:42:16'
System info: host: 'LAPTOP-5K04VMGQ', ip: '192.168.10.39', os.name: 'Windows 10', os.arch: 'amd64', os.version: '10.0', java.version: '16.0.2'
Driver info: org.openqa.selenium.edge.EdgeDriver
Capabilities {acceptInsecureCerts: false, browserName: msedge, browserVersion: 96.0.1054.29, javascriptEnabled: true, ms:edgeOptions: {debuggerAddress: localhost:56004}, msedge: {msedgedriverVersion: 95.0.1020.44 (745fe8ef5b67d..., userDataDir: C:\Users\MB7E4~1.BHA\AppDat...}, networkConnectionEnabled: false, pageLoadStrategy: normal, platform: WINDOWS, platformName: WINDOWS, proxy: Proxy(), setWindowRect: true, strictFileInteractability: false, timeouts: {implicit: 0, pageLoad: 300000, script: 30000}, unhandledPromptBehavior: dismiss and notify, webauthn:extension:credBlob: true, webauthn:extension:largeBlob: true, webauthn:virtualAuthenticators: true}
Session ID: 6255953edecd993568f13ebfe432042d
at java.base/jdk.internal.reflect.NativeConstructorAccessorImpl.newInstance0(Native Method)
at java.base/jdk.internal.reflect.NativeConstructorAccessorImpl.newInstance(NativeConstructorAccessorImpl.java:78)
at java.base/jdk.internal.reflect.DelegatingConstructorAccessorImpl.newInstance(DelegatingConstructorAccessorImpl.java:45)
at java.base/java.lang.reflect.Constructor.newInstanceWithCaller(Constructor.java:499)
at java.base/java.lang.reflect.Constructor.newInstance(Constructor.java:480)
at org.openqa.selenium.remote.http.W3CHttpResponseCodec.createException(W3CHttpResponseCodec.java:187)
at org.openqa.selenium.remote.http.W3CHttpResponseCodec.decode(W3CHttpResponseCodec.java:122)
at org.openqa.selenium.remote.http.W3CHttpResponseCodec.decode(W3CHttpResponseCodec.java:49)
at org.openqa.selenium.remote.HttpCommandExecutor.execute(HttpCommandExecutor.java:158)
at org.openqa.selenium.remote.service.DriverCommandExecutor.execute(DriverCommandExecutor.java:83)
at org.openqa.selenium.remote.RemoteWebDriver.execute(RemoteWebDriver.java:552)
at org.openqa.selenium.remote.RemoteWebElement.execute(RemoteWebElement.java:285)
at org.openqa.selenium.remote.RemoteWebElement.click(RemoteWebElement.java:84)
at com.mindtree.StepDefinitions.ChristmasGiftSD.click_on_go_to_checkout(ChristmasGiftSD.java:52)
at ✽.Click on go to checkout(file:///C:/Users/M.Bhanuprakash/OneDrive/Desktop/CUCUMBER/Feature/05ChristmasGift.feature:9)
]]>
    </error>
  </testcase> <!-- runScenario -->
  <system-out/>
  <testcase classname="com.mindtree.runner.BigSmall" name="runScenario" time="2.678"/>
  <system-out/>
  <testcase classname="com.mindtree.runner.BigSmall" name="runScenario" time="8.578"/>
  <system-out/>
  <testcase classname="com.mindtree.runner.BigSmall" name="runScenario" time="10.060"/>
  <system-out/>
  <testcase classname="com.mindtree.runner.BigSmall" name="runScenario" time="7.792"/>
  <system-out/>
  <testcase classname="com.mindtree.runner.BigSmall" name="runScenario" time="12.378"/>
  <system-out/>
  <testcase classname="com.mindtree.runner.BigSmall" name="runScenario" time="8.696"/>
  <system-out/>
  <testcase classname="com.mindtree.runner.BigSmall" name="runScenario" time="10.975"/>
  <system-out/>
</testsuite> <!-- com.mindtree.runner.BigSmall -->
